[00:57:15] [main/INFO] (FabricLoader/GameProvider) Loading Minecraft 1.21.1 with Fabric Loader 0.16.5
[00:57:15] [main/INFO] (FabricLoader) Loading 57 mods:
	- cobblemon 1.6.0+1.21.1-HEAD-f77af7c
	- cobblemon_eclipse 1.0.0-SNAPSHOT
	- fabric-api 0.104.0+1.21.1
	- fabric-api-base 0.4.42+6573ed8c19
	- fabric-api-lookup-api-v1 1.6.68+b559734419
	- fabric-biome-api-v1 13.0.29+5bd9f1bc19
	- fabric-block-api-v1 1.0.22+0af3f5a719
	- fabric-block-view-api-v2 1.0.10+6573ed8c19
	- fabric-blockrenderlayer-v1 1.1.52+0af3f5a719
	- fabric-client-tags-api-v1 1.1.15+6573ed8c19
	- fabric-command-api-v1 1.2.49+f71b366f19
	- fabric-command-api-v2 2.2.28+6ced4dd919
	- fabric-commands-v0 0.2.66+df3654b319
	- fabric-content-registries-v0 8.0.16+b559734419
	- fabric-convention-tags-v1 2.0.22+7f945d5b19
	- fabric-convention-tags-v2 2.7.0+4053855719
	- fabric-crash-report-info-v1 0.2.29+0af3f5a719
	- fabric-data-attachment-api-v1 1.1.28+1daea21519
	- fabric-data-generation-api-v1 20.2.19+16c4ae2519
	- fabric-dimensions-v1 4.0.0+6fc22b9919
	- fabric-entity-events-v1 1.7.0+2122d82819
	- fabric-events-interaction-v0 0.7.12+ba9dae0619
	- fabric-game-rule-api-v1 1.0.53+6ced4dd919
	- fabric-gametest-api-v1 2.0.4+6fc22b9919
	- fabric-item-api-v1 11.0.0+afdfc92119
	- fabric-item-group-api-v1 4.1.5+3fc0e55219
	- fabric-key-binding-api-v1 1.0.47+0af3f5a719
	- fabric-keybindings-v0 0.2.45+df3654b319
	- fabric-language-kotlin 1.12.3+kotlin.2.0.21
	- fabric-lifecycle-events-v1 2.3.12+6c1df36019
	- fabric-loot-api-v2 3.0.14+3f89f5a519
	- fabric-loot-api-v3 1.0.2+3f89f5a519
	- fabric-message-api-v1 6.0.13+6573ed8c19
	- fabric-model-loading-api-v1 2.0.0+fe474d6b19
	- fabric-networking-api-v1 4.2.2+60c3209b19
	- fabric-object-builder-api-v1 15.2.0+40875a9319
	- fabric-particles-v1 4.0.2+6573ed8c19
	- fabric-recipe-api-v1 5.0.12+6508971219
	- fabric-registry-sync-v0 5.1.2+60c3209b19
	- fabric-renderer-api-v1 3.4.0+c705a49c19
	- fabric-renderer-indigo 1.7.0+c705a49c19
	- fabric-renderer-registries-v1 3.2.68+df3654b319
	- fabric-rendering-data-attachment-v1 0.3.48+73761d2e19
	- fabric-rendering-fluids-v1 3.1.6+1daea21519
	- fabric-rendering-v0 1.1.71+df3654b319
	- fabric-rendering-v1 5.0.5+df16efd019
	- fabric-resource-conditions-api-v1 4.3.0+8dc279b119
	- fabric-resource-loader-v0 1.3.0+5659912919
	- fabric-screen-api-v1 2.0.25+8b68f1c719
	- fabric-screen-handler-api-v1 1.3.86+b559734419
	- fabric-sound-api-v1 1.0.23+6573ed8c19
	- fabric-transfer-api-v1 5.2.0+d38f898f19
	- fabric-transitive-access-wideners-v1 6.1.0+1daea21519
	- fabricloader 0.16.5
	- java 21
	- minecraft 1.21.1
	- mixinextras 0.4.1
[00:57:15] [main/INFO] (FabricLoader/Mixin) SpongePowered MIXIN Subsystem Version=0.8.7 Source=file:/C:/Users/jeffr/.gradle/caches/modules-2/files-2.1/net.fabricmc/sponge-mixin/0.15.3+mixin.0.8.7/51ee0a44ab05f6fddd66b09e66b3a16904f9c55d/sponge-mixin-0.15.3+mixin.0.8.7.jar Service=Knot/Fabric Env=CLIENT
[00:57:15] [main/INFO] (FabricLoader/Mixin) Loaded Fabric development mappings for mixin remapper!
[00:57:15] [main/INFO] (FabricLoader/Mixin) Compatibility level set to JAVA_17
[00:57:15] [main/INFO] (FabricLoader/Mixin) Compatibility level set to JAVA_21
[00:57:16] [main/WARN] (FabricLoader/Mixin) Error loading class: juuxel/adorn/block/variant/BlockVariantSets (java.lang.ClassNotFoundException: juuxel/adorn/block/variant/BlockVariantSets)
[00:57:16] [main/WARN] (FabricLoader/Mixin) @Mixin target juuxel.adorn.block.variant.BlockVariantSets was not found mixins.cobblemon-common.json:invoker.AdornRegisterInvoker from mod cobblemon
[00:57:17] [main/INFO] (FabricLoader/MixinExtras|Service) Initializing MixinExtras via com.llamalad7.mixinextras.service.MixinExtrasServiceImpl(version=0.4.1).
[00:57:18] [Datafixer Bootstrap/INFO] (Minecraft) 226 Datafixer optimizations took 475 milliseconds
[00:57:24] [Render thread/INFO] (Minecraft) Environment: Environment[sessionHost=https://sessionserver.mojang.com, servicesHost=https://api.minecraftservices.com, name=PROD]
[00:57:24] [Render thread/INFO] (Minecraft) Setting user: Player728
[00:57:24] [Render thread/INFO] (Cobblemon) Booting LaxPermissionValidator, permissions will be checked using Minecrafts permission level system, see https://minecraft.fandom.com/wiki/Permission_level
[00:57:24] [Render thread/INFO] (Cobblemon) Launching Cobblemon 1.6.0-SNAPSHOT 
[00:57:24] [Render thread/INFO] (Cobblemon)   - Git Commit: f77af7c (https://gitlab.com/cable-mc/cobblemon/-/commit/f77af7c9545cda9f1f60507fd688e2d419654d19)
[00:57:24] [Render thread/INFO] (Cobblemon)   - Branch: HEAD
[00:57:25] [Render thread/ERROR] (Minecraft) No data fixer registered for cobblemon:pokemon
[00:57:25] [Render thread/ERROR] (Minecraft) No data fixer registered for cobblemon:empty_pokeball
[00:57:25] [Render thread/ERROR] (Minecraft) No data fixer registered for cobblemon:boat
[00:57:25] [Render thread/ERROR] (Minecraft) No data fixer registered for cobblemon:chest_boat
[00:57:25] [Render thread/ERROR] (Minecraft) No data fixer registered for cobblemon:poke_bobber
[00:57:25] [Render thread/ERROR] (Minecraft) No data fixer registered for cobblemon:generic_bedrock
[00:57:25] [Render thread/ERROR] (Minecraft) No data fixer registered for cobblemon:npc
[00:57:25] [Render thread/INFO] (Cobblemon) Starting the Best Spawner...
[00:57:25] [Render thread/INFO] (Cobblemon) Loaded 7 spawning condition types.
[00:57:25] [Render thread/INFO] (Cobblemon) Loaded 6 spawning context types.
[00:57:25] [Render thread/INFO] (Cobblemon) Loaded 2 spawn detail types.
[00:57:26] [Cobblemon Showdown/INFO] (Cobblemon) Starting showdown service...
[00:57:28] [Cobblemon Showdown/INFO] (Cobblemon) Showdown has been started!
[00:57:28] [Render thread/INFO] (Cobblemon) Note: Cobblemon data registries are only loaded once per server instance as Pokémon species are not safe to reload.
[00:57:28] [Render thread/INFO] (Cobblemon) Registered the cobblemon:molang registry
[00:57:28] [Render thread/INFO] (Cobblemon) Registered the cobblemon:species_features registry
[00:57:28] [Render thread/INFO] (Cobblemon) Registered the cobblemon:global_species_features registry
[00:57:28] [Render thread/INFO] (Cobblemon) Registered the cobblemon:species_feature_assignments registry
[00:57:28] [Render thread/INFO] (Cobblemon) Registered the cobblemon:action_effects registry
[00:57:28] [Render thread/INFO] (Cobblemon) Registered the cobblemon:moves registry
[00:57:28] [Render thread/INFO] (Cobblemon) Registered the cobblemon:abilities registry
[00:57:28] [Render thread/INFO] (Cobblemon) Registered the cobblemon:brain_presets registry
[00:57:28] [Render thread/INFO] (Cobblemon) Registered the cobblemon:species registry
[00:57:28] [Render thread/INFO] (Cobblemon) Registered the cobblemon:species_additions registry
[00:57:28] [Render thread/INFO] (Cobblemon) Registered the cobblemon:pokeballs registry
[00:57:28] [Render thread/INFO] (Cobblemon) Registered the cobblemon:properties_tab_completion registry
[00:57:28] [Render thread/INFO] (Cobblemon) Registered the cobblemon:spawn_detail_presets registry
[00:57:28] [Render thread/INFO] (Cobblemon) Registered the cobblemon:spawn_rules registry
[00:57:28] [Render thread/INFO] (Cobblemon) Registered the cobblemon:mechanics registry
[00:57:28] [Render thread/INFO] (Cobblemon) Registered the cobblemon:bag_items registry
[00:57:28] [Render thread/INFO] (Cobblemon) Registered the cobblemon:dialogues registry
[00:57:28] [Render thread/INFO] (Cobblemon) Registered the cobblemon:natural_materials registry
[00:57:28] [Render thread/INFO] (Cobblemon) Registered the cobblemon:fossils registry
[00:57:28] [Render thread/INFO] (Cobblemon) Registered the cobblemon:npc_preset registry
[00:57:28] [Render thread/INFO] (Cobblemon) Registered the cobblemon:npc registry
[00:57:28] [Render thread/INFO] (Cobblemon) Registered the cobblemon:dex_entries registry
[00:57:28] [Render thread/INFO] (Cobblemon) Registered the cobblemon:dex_entry_additions registry
[00:57:28] [Render thread/INFO] (Cobblemon) Registered the cobblemon:dexes registry
[00:57:29] [Render thread/INFO] (Cobblemon) Registered the cobblemon:dex_additions registry
[00:57:29] [Render thread/INFO] (Cobblemon) Registered the cobblemon:flows registry
[00:57:29] [Render thread/INFO] (Cobblemon) Registered the cobblemon:spawn_pool_world registry
[00:57:29] [Render thread/INFO] (Cobblemon) Registered the cobblemon:pokerods registry
[00:57:29] [Render thread/INFO] (Cobblemon) Registered the cobblemon:berries registry
[00:57:29] [Render thread/INFO] (Cobblemon) Registered the cobblemon:fishing_baits registry
[00:57:29] [Render thread/INFO] (Indigo) [Indigo] Registering Indigo renderer!
[00:57:29] [Render thread/INFO] (Cobblemon) Initializing Cobblemon client
[00:57:29] [Render thread/INFO] (Cobblemon) Registering Pokémon renderer
[00:57:29] [Render thread/INFO] (Cobblemon) Registering PokéBall renderer
[00:57:29] [Render thread/INFO] (Cobblemon) Registering Boat renderer
[00:57:29] [Render thread/INFO] (Cobblemon) Registering Boat with Chest renderer
[00:57:29] [Render thread/INFO] (Cobblemon) Registering Generic Bedrock renderer
[00:57:29] [Render thread/INFO] (Cobblemon) Registering Generic Bedrock Entity renderer
[00:57:29] [Render thread/INFO] (Cobblemon) Registering PokeRod Bobber renderer
[00:57:29] [Render thread/INFO] (Cobblemon) Registering NPC renderer
[00:57:29] [Render thread/INFO] (Cobblemon) Registering custom BuiltinItemRenderers
[00:57:30] [Render thread/INFO] (Minecraft) Backend library: LWJGL version 3.3.3-snapshot
[00:57:31] [Render thread/INFO] (Minecraft) Reloading ResourceManager: vanilla, fabric, cobblemon, fabric-api, fabric-api-base, fabric-api-lookup-api-v1, fabric-biome-api-v1, fabric-block-api-v1, fabric-block-view-api-v2, fabric-blockrenderlayer-v1, fabric-client-tags-api-v1, fabric-command-api-v1, fabric-command-api-v2, fabric-commands-v0, fabric-content-registries-v0, fabric-convention-tags-v1, fabric-convention-tags-v2, fabric-crash-report-info-v1, fabric-data-attachment-api-v1, fabric-data-generation-api-v1, fabric-dimensions-v1, fabric-entity-events-v1, fabric-events-interaction-v0, fabric-game-rule-api-v1, fabric-gametest-api-v1, fabric-item-api-v1, fabric-item-group-api-v1, fabric-key-binding-api-v1, fabric-keybindings-v0, fabric-language-kotlin, fabric-lifecycle-events-v1, fabric-loot-api-v2, fabric-loot-api-v3, fabric-message-api-v1, fabric-model-loading-api-v1, fabric-networking-api-v1, fabric-object-builder-api-v1, fabric-particles-v1, fabric-recipe-api-v1, fabric-registry-sync-v0, fabric-renderer-api-v1, fabric-renderer-indigo, fabric-renderer-registries-v1, fabric-rendering-data-attachment-v1, fabric-rendering-fluids-v1, fabric-rendering-v0, fabric-rendering-v1, fabric-resource-conditions-api-v1, fabric-resource-loader-v0, fabric-screen-api-v1, fabric-screen-handler-api-v1, fabric-sound-api-v1, fabric-transfer-api-v1, fabric-transitive-access-wideners-v1, fabricloader, cobblemon:regionbiasforms, cobblemon:gyaradosjump
[00:57:31] [Worker-Main-3/INFO] (Minecraft) Found unifont_all_no_pua-15.1.05.hex, loading
[00:57:31] [Worker-Main-5/INFO] (Minecraft) Found unifont_jp_patch-15.1.05.hex, loading
[00:57:31] [Worker-Main-5/WARN] (Minecraft) Texture cobblemon:block/razz_sprout with size 8x4 limits mip level from 4 to 2
[00:57:31] [Worker-Main-5/WARN] (Minecraft) minecraft:textures/atlas/blocks.png: dropping miplevel from 4 to 2, because of minimum power of two: 4
[00:57:33] [Render thread/WARN] (Minecraft) Missing sound for event: minecraft:item.goat_horn.play
[00:57:33] [Render thread/WARN] (Minecraft) Missing sound for event: minecraft:entity.goat.screaming.horn_break
[00:57:33] [Render thread/INFO] (Minecraft) OpenAL initialized on device OpenAL Soft on Digital Audio (S/PDIF) (High Definition Audio Device)
[00:57:33] [Render thread/INFO] (Minecraft) Sound engine started
[00:57:33] [Render thread/INFO] (Minecraft) Created: 1024x1024x2 minecraft:textures/atlas/blocks.png-atlas
[00:57:33] [Render thread/INFO] (Minecraft) Created: 256x256x4 minecraft:textures/atlas/signs.png-atlas
[00:57:33] [Render thread/INFO] (Minecraft) Created: 512x512x4 minecraft:textures/atlas/shield_patterns.png-atlas
[00:57:33] [Render thread/INFO] (Minecraft) Created: 512x512x4 minecraft:textures/atlas/banner_patterns.png-atlas
[00:57:33] [Render thread/INFO] (Minecraft) Created: 2048x1024x4 minecraft:textures/atlas/armor_trims.png-atlas
[00:57:33] [Render thread/INFO] (Minecraft) Created: 128x128x4 minecraft:textures/atlas/decorated_pot.png-atlas
[00:57:33] [Render thread/INFO] (Minecraft) Created: 256x256x4 minecraft:textures/atlas/chest.png-atlas
[00:57:33] [Render thread/INFO] (Minecraft) Created: 512x256x4 minecraft:textures/atlas/shulker_boxes.png-atlas
[00:57:33] [Render thread/INFO] (Minecraft) Created: 512x256x4 minecraft:textures/atlas/beds.png-atlas
[00:57:33] [Render thread/INFO] (Minecraft) Created: 2048x2048x0 minecraft:textures/atlas/particles.png-atlas
[00:57:33] [Render thread/WARN] (Minecraft) Missing particle sprites: cobblemon:shiny_sparkle_rainbow
[00:57:33] [Render thread/INFO] (Minecraft) Created: 512x256x0 minecraft:textures/atlas/paintings.png-atlas
[00:57:33] [Render thread/INFO] (Minecraft) Created: 256x128x0 minecraft:textures/atlas/mob_effects.png-atlas
[00:57:33] [Render thread/INFO] (Minecraft) Created: 64x64x0 minecraft:textures/atlas/map_decorations.png-atlas
[00:57:33] [Render thread/INFO] (Minecraft) Created: 1024x512x0 minecraft:textures/atlas/gui.png-atlas
[00:57:34] [Render thread/WARN] (Minecraft) Shader cobblemon:particle_add could not find sampler named Sampler2 in the specified shader program.
[00:57:34] [Render thread/WARN] (Minecraft) Shader cobblemon:particle_cutout could not find sampler named Sampler2 in the specified shader program.
[00:57:34] [Render thread/WARN] (Minecraft) Shader rendertype_entity_cutout could not find uniform named IViewRotMat in the specified shader program.
[00:57:34] [Render thread/WARN] (Minecraft) Shader rendertype_entity_translucent could not find uniform named IViewRotMat in the specified shader program.
[00:57:34] [Render thread/WARN] (Minecraft) Shader rendertype_entity_translucent_emissive could not find sampler named Sampler2 in the specified shader program.
[00:57:34] [Render thread/INFO] (Minecraft) Created: 128x128x0 cobblemon:textures/atlas/berries.png-atlas
[00:57:34] [Render thread/INFO] (Cobblemon) Loading assets...
[00:57:34] [Render thread/INFO] (Cobblemon) Loading particle effects...
[00:57:34] [Render thread/INFO] (Cobblemon) Loaded 607 particle effects
[00:57:34] [Render thread/INFO] (Cobblemon) Loading animations...
[00:57:35] [Render thread/INFO] (Cobblemon) Loaded 5465 animations from 786 animation groups
[00:57:35] [Render thread/INFO] (Cobblemon) Loading Pokémon assets...
[00:57:36] [Render thread/INFO] (Cobblemon) Loaded 856 Pokémon models.
[00:57:36] [Render thread/INFO] (Cobblemon) Loaded 758 Pokémon posers.
[00:57:36] [Render thread/INFO] (Cobblemon) Loaded 2022 Pokémon variations.
[00:57:36] [Render thread/INFO] (Cobblemon) Loading Poké Ball assets...
[00:57:36] [Render thread/INFO] (Cobblemon) Loaded 2 Poké Ball models.
[00:57:36] [Render thread/INFO] (Cobblemon) Loaded 48 Poké Ball posers.
[00:57:36] [Render thread/INFO] (Cobblemon) Loaded 49 Poké Ball variations.
[00:57:36] [Render thread/INFO] (Cobblemon) Loading NPC assets...
[00:57:36] [Render thread/INFO] (Cobblemon) Loaded 4 NPC models.
[00:57:36] [Render thread/INFO] (Cobblemon) Loaded 1 NPC posers.
[00:57:36] [Render thread/INFO] (Cobblemon) Loaded 6 NPC variations.
[00:57:36] [Render thread/INFO] (Cobblemon) Loading Fossil Pokémon assets...
[00:57:36] [Render thread/INFO] (Cobblemon) Loaded 19 Fossil Pokémon models.
[00:57:36] [Render thread/INFO] (Cobblemon) Loaded 19 Fossil Pokémon posers.
[00:57:36] [Render thread/INFO] (Cobblemon) Loaded 19 Fossil Pokémon variations.
[00:57:36] [Render thread/INFO] (Cobblemon) Loading Block Entity assets...
[00:57:36] [Render thread/INFO] (Cobblemon) Loaded 1 Block Entity models.
[00:57:36] [Render thread/INFO] (Cobblemon) Loaded 1 Block Entity posers.
[00:57:36] [Render thread/INFO] (Cobblemon) Loaded 14 Block Entity variations.
[00:57:36] [Render thread/INFO] (Cobblemon) Loading Generic assets...
[00:57:36] [Render thread/INFO] (Cobblemon) Loaded 1 Generic models.
[00:57:36] [Render thread/INFO] (Cobblemon) Loaded 1 Generic posers.
[00:57:36] [Render thread/INFO] (Cobblemon) Loaded 1 Generic variations.
[00:57:36] [Render thread/INFO] (Cobblemon) Loaded 71 berry models
[00:57:36] [Render thread/INFO] (Cobblemon) Loaded 5 misc models
[00:57:36] [Render thread/INFO] (Cobblemon) Loaded assets
[00:58:07] [Render thread/INFO] (Minecraft) Loaded 1780 recipes
[00:58:07] [Render thread/INFO] (Minecraft) Loaded 1923 advancements
[00:58:07] [Render thread/INFO] (Cobblemon) Loaded 5 server scripts and 1 client scripts
[00:58:13] [Render thread/INFO] (Cobblemon) Loaded 936 moves
[00:58:13] [Render thread/INFO] (Cobblemon) Loaded 314 abilities
[00:58:13] [Render thread/INFO] (Cobblemon) Finished additions
[00:58:14] [cobblemon Datafixer Bootstrap/INFO] (Minecraft) 2 Datafixer optimizations took 1 milliseconds
[00:58:15] [Render thread/INFO] (Cobblemon) Imported 259 held item IDs from showdown
[00:58:15] [Render thread/INFO] (Cobblemon) Loaded 1025 Pokémon species
[00:58:15] [Render thread/INFO] (Cobblemon) Loaded 25 spawn detail presets.
[00:58:15] [Render thread/INFO] (Cobblemon) Starting dummy Showdown battle to force it to pre-load data.
[00:58:16] [Render thread/INFO] (Cobblemon) Loaded 15 fossils
[00:58:16] [Render thread/ERROR] (ModNioResourcePack) Invalid path in mod resource-pack cobblemon: cobblemon:dex_entry_additions/README.md, ignoring
[00:58:16] [Render thread/ERROR] (ModNioResourcePack) Invalid path in mod resource-pack cobblemon: cobblemon:dex_additions/README.md, ignoring
[00:58:16] [Render thread/INFO] (Cobblemon) Loaded 1 flows and 0 client flows
[00:58:16] [Render thread/INFO] (Cobblemon) Loaded 69 berries
[00:58:22] [Render thread/INFO] (BiomeModificationImpl) Applied 535 biome modifications to 64 of 64 new biomes in 15.60 ms
[00:58:22] [Server thread/INFO] (Minecraft) Starting integrated minecraft server version 1.21.1
[00:58:22] [Server thread/INFO] (Minecraft) Generating keypair
[00:58:26] [Server thread/INFO] (Minecraft) Preparing start region for dimension minecraft:overworld
[00:58:26] [Render thread/INFO] (Minecraft) Preparing spawn area: 2%
[00:58:26] [Render thread/INFO] (Minecraft) Preparing spawn area: 2%
[00:58:27] [Render thread/INFO] (Minecraft) Preparing spawn area: 2%
[00:58:27] [Render thread/INFO] (Minecraft) Preparing spawn area: 18%
[00:58:28] [Render thread/INFO] (Minecraft) Preparing spawn area: 51%
[00:58:28] [Render thread/INFO] (Minecraft) Preparing spawn area: 51%
[00:58:29] [Render thread/INFO] (Minecraft) Time elapsed: 2861 ms
[00:58:29] [Server thread/INFO] (Minecraft) Changing view distance to 12, from 10
[00:58:29] [Server thread/INFO] (Minecraft) Changing simulation distance to 12, from 0
[00:58:29] [Server thread/INFO] (Minecraft) Player728[local:E:5bf44e0e] logged in with entity id 20 at (-15.5, 65.0, 172.5)
[00:58:30] [Server thread/INFO] (Minecraft) Player728 joined the game
[00:58:30] [Render thread/INFO] (Minecraft) Loaded 2 advancements
[00:59:24] [Server thread/INFO] (Minecraft) Saving and pausing game...
[00:59:24] [Server thread/INFO] (Minecraft) Saving chunks for level 'ServerLevel[New World]'/minecraft:overworld
[00:59:24] [Server thread/INFO] (Minecraft) Saving chunks for level 'ServerLevel[New World]'/minecraft:the_end
[00:59:24] [Server thread/INFO] (Minecraft) Saving chunks for level 'ServerLevel[New World]'/minecraft:the_nether
[00:59:25] [Render thread/INFO] (Minecraft) Stopping!
[00:59:25] [Server thread/INFO] (Minecraft) Player728 lost connection: Disconnected
[00:59:25] [Server thread/INFO] (Minecraft) Player728 left the game
[00:59:25] [Server thread/INFO] (Minecraft) Stopping singleplayer server as player logged out
[00:59:25] [Server thread/INFO] (Minecraft) Stopping server
[00:59:25] [Server thread/INFO] (Minecraft) Saving players
[00:59:25] [Server thread/INFO] (Minecraft) Saving worlds
[00:59:25] [Server thread/INFO] (Minecraft) Saving chunks for level 'ServerLevel[New World]'/minecraft:overworld
[00:59:26] [Server thread/INFO] (Minecraft) Saving chunks for level 'ServerLevel[New World]'/minecraft:the_end
[00:59:26] [Server thread/INFO] (Minecraft) Saving chunks for level 'ServerLevel[New World]'/minecraft:the_nether
[00:59:26] [Server thread/INFO] (Minecraft) ThreadedAnvilChunkStorage (New World): All chunks are saved
[00:59:26] [Server thread/INFO] (Minecraft) ThreadedAnvilChunkStorage (DIM1): All chunks are saved
[00:59:26] [Server thread/INFO] (Minecraft) ThreadedAnvilChunkStorage (DIM-1): All chunks are saved
[00:59:26] [Server thread/INFO] (Minecraft) ThreadedAnvilChunkStorage: All dimensions are saved
