[Architectury Transformer] Architectury Runtime 5.2.87
[Architectury Transformer DEBUG] Preparing tiny remapper prepared transformer: dev.architectury.transformer.handler.TinyRemapperPreparedTransformerHandler
[Architectury Transformer DEBUG] Provided 121 classpath jar(s):
[Architectury Transformer DEBUG]  - C:\Users\jeffr\.gradle\caches\modules-2\files-2.1\net.impactdev.impactor.api\economy\5.3.0\752d96749d4da244f0c49c8916b021f5a273fd9a\economy-5.3.0-dev-slim.jar
[Architectury Transformer DEBUG]  - C:\Users\jeffr\.gradle\caches\modules-2\files-2.1\net.impactdev.impactor.api\storage\5.3.0\52b145635651f568009d43d6cef36d0b0f802fe7\storage-5.3.0-dev-slim.jar
[Architectury Transformer DEBUG]  - C:\Users\jeffr\.gradle\caches\modules-2\files-2.1\net.impactdev.impactor.api\core\5.3.0\ceeeb35efef5753a98ccac4dfe16e5f590dbfdba\core-5.3.0-dev-slim.jar
[Architectury Transformer DEBUG]  - C:\Users\jeffr\.gradle\caches\modules-2\files-2.1\org.jetbrains.kotlin\kotlin-stdlib-jdk8\2.0.21\72f75cc23f0756dec50b2dcbeb72561501fb8af9\kotlin-stdlib-jdk8-2.0.21.jar
[Architectury Transformer DEBUG]  - C:\Users\jeffr\.gradle\caches\modules-2\files-2.1\org.jetbrains.kotlin\kotlin-stdlib-jdk7\2.0.21\222b2be42672d47c002c1b22ac9f030d781fc5db\kotlin-stdlib-jdk7-2.0.21.jar
[Architectury Transformer DEBUG]  - C:\Users\jeffr\.gradle\caches\modules-2\files-2.1\org.jetbrains.kotlin\kotlin-stdlib\2.0.21\618b539767b4899b4660a83006e052b63f1db551\kotlin-stdlib-2.0.21.jar
[Architectury Transformer DEBUG]  - C:\Users\jeffr\.gradle\caches\modules-2\files-2.1\dev.architectury\architectury-injectables\1.0.10\62db2a366d662606d1b23ad02ccc3212ed37ec3\architectury-injectables-1.0.10.jar
[Architectury Transformer DEBUG]  - C:\Users\jeffr\.gradle\caches\modules-2\files-2.1\net.fabricmc\fabric-loader\0.16.14\5778d47f536bf2c63ed2abc1a56f5a1c129e34a\fabric-loader-0.16.14.jar
[Architectury Transformer DEBUG]  - C:\Users\jeffr\.gradle\caches\modules-2\files-2.1\org.jetbrains\annotations\24.1.0\7af6a669488450c4a07c2c3254e2151df42d7d04\annotations-24.1.0.jar
[Architectury Transformer DEBUG]  - C:\Users\jeffr\.gradle\caches\modules-2\files-2.1\org.ow2.asm\asm\9.6\aa205cf0a06dbd8e04ece91c0b37c3f5d567546a\asm-9.6.jar
[Architectury Transformer DEBUG]  - C:\Users\jeffr\.gradle\caches\modules-2\files-2.1\org.ow2.asm\asm-analysis\9.6\9ce6c7b174bd997fc2552dff47964546bd7a5ec3\asm-analysis-9.6.jar
[Architectury Transformer DEBUG]  - C:\Users\jeffr\.gradle\caches\modules-2\files-2.1\org.ow2.asm\asm-commons\9.6\f1a9e5508eff490744144565c47326c8648be309\asm-commons-9.6.jar
[Architectury Transformer DEBUG]  - C:\Users\jeffr\.gradle\caches\modules-2\files-2.1\org.ow2.asm\asm-tree\9.6\c0cdda9d211e965d2a4448aa3fd86110f2f8c2de\asm-tree-9.6.jar
[Architectury Transformer DEBUG]  - C:\Users\jeffr\.gradle\caches\modules-2\files-2.1\org.ow2.asm\asm-util\9.6\f77caf84eb93786a749b2baa40865b9613e3eaee\asm-util-9.6.jar
[Architectury Transformer DEBUG]  - C:\Users\jeffr\.gradle\caches\modules-2\files-2.1\net.fabricmc\sponge-mixin\0.15.3+mixin.0.8.7\51ee0a44ab05f6fddd66b09e66b3a16904f9c55d\sponge-mixin-0.15.3+mixin.0.8.7.jar
[Architectury Transformer DEBUG]  - C:\Users\jeffr\.gradle\caches\modules-2\files-2.1\io.github.llamalad7\mixinextras-fabric\0.4.1\8d1a9e96afb990367fa1f904d17580d164da72e3\mixinextras-fabric-0.4.1.jar
[Architectury Transformer DEBUG]  - C:\Users\jeffr\.gradle\caches\modules-2\files-2.1\com.github.oshi\oshi-core\6.4.10\b1d8ab82d11d92fd639b56d639f8f46f739dd5fa\oshi-core-6.4.10.jar
[Architectury Transformer DEBUG]  - C:\Users\jeffr\.gradle\caches\modules-2\files-2.1\net.impactdev\json\1.0.0\4eca413de6b3b70831bc2e98eb07a9f64990d326\json-1.0.0.jar
[Architectury Transformer DEBUG]  - C:\Users\jeffr\.gradle\caches\modules-2\files-2.1\net.kyori\adventure-text-serializer-plain\4.17.0\ac19c1579081064f86025c5ada60dba0b61fca31\adventure-text-serializer-plain-4.17.0.jar
[Architectury Transformer DEBUG]  - C:\Users\jeffr\.gradle\caches\modules-2\files-2.1\net.kyori\adventure-text-serializer-legacy\4.17.0\1f5271e54a4feb6dada26873297337f4b9f2f99a\adventure-text-serializer-legacy-4.17.0.jar
[Architectury Transformer DEBUG]  - C:\Users\jeffr\.gradle\caches\modules-2\files-2.1\net.kyori\adventure-text-minimessage\4.17.0\696817a0f9700483bcd9dbd5cc62f33ac83b12f9\adventure-text-minimessage-4.17.0.jar
[Architectury Transformer DEBUG]  - C:\Users\jeffr\.gradle\caches\modules-2\files-2.1\net.kyori\adventure-text-logger-slf4j\4.17.0\ebc3d59bdce591f1e1daed8b5b9ebd13f231c946\adventure-text-logger-slf4j-4.17.0.jar
[Architectury Transformer DEBUG]  - C:\Users\jeffr\.gradle\caches\modules-2\files-2.1\net.kyori\adventure-platform-api\4.3.4\50847f49cb181fdafd0de37459bbe0fb8b1eb972\adventure-platform-api-4.3.4.jar
[Architectury Transformer DEBUG]  - C:\Users\jeffr\.gradle\caches\modules-2\files-2.1\net.kyori\adventure-text-serializer-json\4.17.0\4651a58fe70ecc8a3682ec7ddd8a516dd6d06a49\adventure-text-serializer-json-4.17.0.jar
[Architectury Transformer DEBUG]  - C:\Users\jeffr\.gradle\caches\modules-2\files-2.1\net.kyori\adventure-api\4.17.0\e90703097679e9ca0ee8a059bb933aa7d495bce3\adventure-api-4.17.0.jar
[Architectury Transformer DEBUG]  - C:\Users\jeffr\.gradle\caches\modules-2\files-2.1\net.kyori\adventure-nbt\4.17.0\45b1b7064a99cc667b6ff04dc7e4cb58765a98a2\adventure-nbt-4.17.0.jar
[Architectury Transformer DEBUG]  - C:\Users\jeffr\.gradle\caches\modules-2\files-2.1\net.kyori\adventure-key\4.17.0\799f1b5fedb920a7b71916e9b71123ff94d07acf\adventure-key-4.17.0.jar
[Architectury Transformer DEBUG]  - C:\Users\jeffr\.gradle\caches\modules-2\files-2.1\net.kyori\adventure-text-serializer-gson\4.17.0\1b2cf73c8794287db202b2ea288c40159deb19b4\adventure-text-serializer-gson-4.17.0.jar
[Architectury Transformer DEBUG]  - C:\Users\jeffr\.gradle\caches\modules-2\files-2.1\org.spongepowered\configurate-gson\4.1.2\3e5c7a0ea73e95ce6139fa72f1b6d36eb531ab81\configurate-gson-4.1.2.jar
[Architectury Transformer DEBUG]  - C:\Users\jeffr\.gradle\caches\modules-2\files-2.1\com.google.code.gson\gson\2.10.1\b3add478d4382b78ea20b1671390a858002feb6c\gson-2.10.1.jar
[Architectury Transformer DEBUG]  - C:\Users\jeffr\.gradle\caches\modules-2\files-2.1\com.google.inject\guice\7.0.0\ccc518677b9367d45f99dfa592c9b039f07687d3\guice-7.0.0.jar
[Architectury Transformer DEBUG]  - C:\Users\jeffr\.gradle\caches\modules-2\files-2.1\com.google.guava\guava\32.1.2-jre\5e64ec7e056456bef3a4bc4c6fdaef71e8ab6318\guava-32.1.2-jre.jar
[Architectury Transformer DEBUG]  - C:\Users\jeffr\.gradle\caches\modules-2\files-2.1\com.google.guava\failureaccess\1.0.1\1dcf1de382a0bf95a3d8b0849546c88bac1292c9\failureaccess-1.0.1.jar
[Architectury Transformer DEBUG]  - C:\Users\jeffr\.gradle\caches\modules-2\files-2.1\com.ibm.icu\icu4j\73.2\61ad4ef7f9131fcf6d25c34b817f90d6da06c9e9\icu4j-73.2.jar
[Architectury Transformer DEBUG]  - C:\Users\jeffr\.gradle\caches\modules-2\files-2.1\com.mojang\authlib\6.0.54\de8bc95660e1b2fe8793fd427a7a10dcec5b3ea7\authlib-6.0.54.jar
[Architectury Transformer DEBUG]  - C:\Users\jeffr\.gradle\caches\modules-2\files-2.1\com.mojang\blocklist\1.0.10\5c685c5ffa94c4cd39496c7184c1d122e515ecef\blocklist-1.0.10.jar
[Architectury Transformer DEBUG]  - C:\Users\jeffr\.gradle\caches\modules-2\files-2.1\com.mojang\brigadier\1.3.10\d15b53a14cf20fdcaa98f731af5dda654452c010\brigadier-1.3.10.jar
[Architectury Transformer DEBUG]  - C:\Users\jeffr\.gradle\caches\modules-2\files-2.1\com.mojang\datafixerupper\8.0.16\67d4de6d7f95d89bcf5862995fb854ebaec02a34\datafixerupper-8.0.16.jar
[Architectury Transformer DEBUG]  - C:\Users\jeffr\.gradle\caches\modules-2\files-2.1\com.mojang\logging\1.2.7\24cb95ffb0e3433fd6e844c04e68009e504ca1c0\logging-1.2.7.jar
[Architectury Transformer DEBUG]  - C:\Users\jeffr\.gradle\caches\modules-2\files-2.1\com.mojang\patchy\2.2.10\da05971b07cbb379d002cf7eaec6a2048211fefc\patchy-2.2.10.jar
[Architectury Transformer DEBUG]  - C:\Users\jeffr\.gradle\caches\modules-2\files-2.1\com.mojang\text2speech\1.17.9\3cad216e3a7f0c19b4b394388bc9ffc446f13b14\text2speech-1.17.9.jar
[Architectury Transformer DEBUG]  - C:\Users\jeffr\.gradle\caches\modules-2\files-2.1\commons-codec\commons-codec\1.16.0\4e3eb3d79888d76b54e28b350915b5dc3919c9de\commons-codec-1.16.0.jar
[Architectury Transformer DEBUG]  - C:\Users\jeffr\.gradle\caches\modules-2\files-2.1\commons-io\commons-io\2.15.1\f11560da189ab563a5c8e351941415430e9304ea\commons-io-2.15.1.jar
[Architectury Transformer DEBUG]  - C:\Users\jeffr\.gradle\caches\modules-2\files-2.1\commons-logging\commons-logging\1.2\4bfc12adfe4842bf07b657f0369c4cb522955686\commons-logging-1.2.jar
[Architectury Transformer DEBUG]  - C:\Users\jeffr\.gradle\caches\modules-2\files-2.1\io.netty\netty-buffer\4.1.97.Final\f8f3d8644afa5e6e1a40a3a6aeb9d9aa970ecb4f\netty-buffer-4.1.97.Final.jar
[Architectury Transformer DEBUG]  - C:\Users\jeffr\.gradle\caches\modules-2\files-2.1\io.netty\netty-codec\4.1.97.Final\384ba4d75670befbedb45c4d3b497a93639c206d\netty-codec-4.1.97.Final.jar
[Architectury Transformer DEBUG]  - C:\Users\jeffr\.gradle\caches\modules-2\files-2.1\io.netty\netty-common\4.1.97.Final\7cceacaf11df8dc63f23d0fb58e9d4640fc88404\netty-common-4.1.97.Final.jar
[Architectury Transformer DEBUG]  - C:\Users\jeffr\.gradle\caches\modules-2\files-2.1\io.netty\netty-handler\4.1.97.Final\abb86c6906bf512bf2b797a41cd7d2e8d3cd7c36\netty-handler-4.1.97.Final.jar
[Architectury Transformer DEBUG]  - C:\Users\jeffr\.gradle\caches\modules-2\files-2.1\io.netty\netty-resolver\4.1.97.Final\cec8348108dc76c47cf87c669d514be52c922144\netty-resolver-4.1.97.Final.jar
[Architectury Transformer DEBUG]  - C:\Users\jeffr\.gradle\caches\modules-2\files-2.1\io.netty\netty-transport-classes-epoll\4.1.97.Final\795da37ded759e862457a82d9d92c4d39ce8ecee\netty-transport-classes-epoll-4.1.97.Final.jar
[Architectury Transformer DEBUG]  - C:\Users\jeffr\.gradle\caches\modules-2\files-2.1\io.netty\netty-transport-native-unix-common\4.1.97.Final\d469d84265ab70095b01b40886cabdd433b6e664\netty-transport-native-unix-common-4.1.97.Final.jar
[Architectury Transformer DEBUG]  - C:\Users\jeffr\.gradle\caches\modules-2\files-2.1\io.netty\netty-transport\4.1.97.Final\f37380d23c9bb079bc702910833b2fd532c9abd0\netty-transport-4.1.97.Final.jar
[Architectury Transformer DEBUG]  - C:\Users\jeffr\.gradle\caches\modules-2\files-2.1\it.unimi.dsi\fastutil\8.5.12\c24946d46824bd528054bface3231d2ecb7e95e8\fastutil-8.5.12.jar
[Architectury Transformer DEBUG]  - C:\Users\jeffr\.gradle\caches\modules-2\files-2.1\org.mariadb.jdbc\mariadb-java-client\3.1.2\801ace72b17a40da0bfa8c37e4e09ea4fce68284\mariadb-java-client-3.1.2.jar
[Architectury Transformer DEBUG]  - C:\Users\jeffr\.gradle\caches\modules-2\files-2.1\com.github.waffle\waffle-jna\3.2.0\6ac5882dea3a15575237ef5d1793c51279ae1335\waffle-jna-3.2.0.jar
[Architectury Transformer DEBUG]  - C:\Users\jeffr\.gradle\caches\modules-2\files-2.1\net.java.dev.jna\jna-platform\5.14.0\28934d48aed814f11e4c584da55c49fa7032b31b\jna-platform-5.14.0.jar
[Architectury Transformer DEBUG]  - C:\Users\jeffr\.gradle\caches\modules-2\files-2.1\net.java.dev.jna\jna\5.14.0\67bf3eaea4f0718cb376a181a629e5f88fa1c9dd\jna-5.14.0.jar
[Architectury Transformer DEBUG]  - C:\Users\jeffr\.gradle\caches\modules-2\files-2.1\net.sf.jopt-simple\jopt-simple\5.0.4\4fdac2fbe92dfad86aa6e9301736f6b4342a3f5c\jopt-simple-5.0.4.jar
[Architectury Transformer DEBUG]  - C:\Users\jeffr\.gradle\caches\modules-2\files-2.1\org.apache.commons\commons-compress\1.26.0\659feffdd12280201c8aacb8f7be94f9a883c824\commons-compress-1.26.0.jar
[Architectury Transformer DEBUG]  - C:\Users\jeffr\.gradle\caches\modules-2\files-2.1\org.apache.maven\maven-artifact\3.9.0\25be39b22d1ce6e2f8e07036d3580e506431b0d4\maven-artifact-3.9.0.jar
[Architectury Transformer DEBUG]  - C:\Users\jeffr\.gradle\caches\modules-2\files-2.1\org.apache.commons\commons-lang3\3.14.0\1ed471194b02f2c6cb734a0cd6f6f107c673afae\commons-lang3-3.14.0.jar
[Architectury Transformer DEBUG]  - C:\Users\jeffr\.gradle\caches\modules-2\files-2.1\org.apache.httpcomponents\httpclient\4.5.13\e5f6cae5ca7ecaac1ec2827a9e2d65ae2869cada\httpclient-4.5.13.jar
[Architectury Transformer DEBUG]  - C:\Users\jeffr\.gradle\caches\modules-2\files-2.1\org.apache.httpcomponents\httpcore\4.4.16\51cf043c87253c9f58b539c9f7e44c8894223850\httpcore-4.4.16.jar
[Architectury Transformer DEBUG]  - C:\Users\jeffr\.gradle\caches\modules-2\files-2.1\org.apache.logging.log4j\log4j-api\2.22.1\bea6fede6328fabafd7e68363161a7ea6605abd1\log4j-api-2.22.1.jar
[Architectury Transformer DEBUG]  - C:\Users\jeffr\.gradle\caches\modules-2\files-2.1\org.apache.logging.log4j\log4j-core\2.22.1\7183a25510a02ad00cc6a95d3b3d2a7d3c5a8dc4\log4j-core-2.22.1.jar
[Architectury Transformer DEBUG]  - C:\Users\jeffr\.gradle\caches\modules-2\files-2.1\org.apache.logging.log4j\log4j-slf4j2-impl\2.22.1\d7e6693c2606cb7e7335047d7bb96dec52db5665\log4j-slf4j2-impl-2.22.1.jar
[Architectury Transformer DEBUG]  - C:\Users\jeffr\.gradle\caches\modules-2\files-2.1\org.jcraft\jorbis\0.0.17\8872d22b293e8f5d7d56ff92be966e6dc28ebdc6\jorbis-0.0.17.jar
[Architectury Transformer DEBUG]  - C:\Users\jeffr\.gradle\caches\modules-2\files-2.1\org.joml\joml\1.10.5\22566d58af70ad3d72308bab63b8339906deb649\joml-1.10.5.jar
[Architectury Transformer DEBUG]  - C:\Users\jeffr\.gradle\caches\modules-2\files-2.1\org.lwjgl\lwjgl-freetype\3.3.3\a0db6c84a8becc8ca05f9dbfa985edc348a824c7\lwjgl-freetype-3.3.3.jar
[Architectury Transformer DEBUG]  - C:\Users\jeffr\.gradle\caches\modules-2\files-2.1\org.lwjgl\lwjgl-glfw\3.3.3\efa1eb78c5ccd840e9f329717109b5e892d72f8e\lwjgl-glfw-3.3.3.jar
[Architectury Transformer DEBUG]  - C:\Users\jeffr\.gradle\caches\modules-2\files-2.1\org.lwjgl\lwjgl-jemalloc\3.3.3\b543467b7ff3c6920539a88ee602d34098628be5\lwjgl-jemalloc-3.3.3.jar
[Architectury Transformer DEBUG]  - C:\Users\jeffr\.gradle\caches\modules-2\files-2.1\org.lwjgl\lwjgl-openal\3.3.3\daada81ceb5fc0c291fbfdd4433cb8d9423577f2\lwjgl-openal-3.3.3.jar
[Architectury Transformer DEBUG]  - C:\Users\jeffr\.gradle\caches\modules-2\files-2.1\org.lwjgl\lwjgl-opengl\3.3.3\2f6b0147078396a58979125a4c947664e98293a\lwjgl-opengl-3.3.3.jar
[Architectury Transformer DEBUG]  - C:\Users\jeffr\.gradle\caches\modules-2\files-2.1\org.lwjgl\lwjgl-stb\3.3.3\25dd6161988d7e65f71d5065c99902402ee32746\lwjgl-stb-3.3.3.jar
[Architectury Transformer DEBUG]  - C:\Users\jeffr\.gradle\caches\modules-2\files-2.1\org.lwjgl\lwjgl-tinyfd\3.3.3\82d755ca94b102e9ca77283b9e2dc46d1b15fbe5\lwjgl-tinyfd-3.3.3.jar
[Architectury Transformer DEBUG]  - C:\Users\jeffr\.gradle\caches\modules-2\files-2.1\org.lwjgl\lwjgl\3.3.3\29589b5f87ed335a6c7e7ee6a5775f81f97ecb84\lwjgl-3.3.3.jar
[Architectury Transformer DEBUG]  - C:\Users\jeffr\.gradle\caches\modules-2\files-2.1\org.lz4\lz4-java\1.8.0\4b986a99445e49ea5fbf5d149c4b63f6ed6c6780\lz4-java-1.8.0.jar
[Architectury Transformer DEBUG]  - C:\Users\jeffr\.gradle\caches\modules-2\files-2.1\com.zaxxer\HikariCP\5.0.1\a74c7f0a37046846e88d54f7cb6ea6d565c65f9c\HikariCP-5.0.1.jar
[Architectury Transformer DEBUG]  - C:\Users\jeffr\.gradle\caches\modules-2\files-2.1\org.slf4j\jcl-over-slf4j\1.7.36\d877e195a05aca4a2f1ad2ff14bfec1393af4b5e\jcl-over-slf4j-1.7.36.jar
[Architectury Transformer DEBUG]  - C:\Users\jeffr\.gradle\caches\modules-2\files-2.1\org.slf4j\slf4j-api\2.0.9\7cf2726fdcfbc8610f9a71fb3ed639871f315340\slf4j-api-2.0.9.jar
[Architectury Transformer DEBUG]  - C:\Users\jeffr\CobblemonAddon\EclipseTest\cobblemon-mdks\fabric-kotlin\.gradle\loom-cache\minecraftMaven\net\minecraft\minecraft-merged-0eff8007b2\1.21.1-loom.mappings.1_21_1.layered+hash.40359-v2\minecraft-merged-0eff8007b2-1.21.1-loom.mappings.1_21_1.layered+hash.40359-v2.jar
[Architectury Transformer DEBUG]  - C:\Users\jeffr\.gradle\caches\modules-2\files-2.1\io.netty\netty-transport-native-epoll\4.1.97.Final\54188f271e388e7f313aea995e82f58ce2cdb809\netty-transport-native-epoll-4.1.97.Final-linux-x86_64.jar
[Architectury Transformer DEBUG]  - C:\Users\jeffr\.gradle\caches\modules-2\files-2.1\io.netty\netty-transport-native-epoll\4.1.97.Final\5514744c588190ffda076b35a9b8c9f24946a960\netty-transport-native-epoll-4.1.97.Final-linux-aarch_64.jar
[Architectury Transformer DEBUG]  - C:\Users\jeffr\.gradle\caches\modules-2\files-2.1\org.jetbrains.kotlin\kotlin-reflect\2.0.21\669e1d35e4ca1797f9ddb2830dd6c36c0ca531e4\kotlin-reflect-2.0.21.jar
[Architectury Transformer DEBUG]  - C:\Users\jeffr\.gradle\caches\modules-2\files-2.1\org.jetbrains.kotlinx\kotlinx-coroutines-jdk8\1.9.0\8290370427d17b921573534e14a37b659b5d3ab5\kotlinx-coroutines-jdk8-1.9.0.jar
[Architectury Transformer DEBUG]  - C:\Users\jeffr\.gradle\caches\modules-2\files-2.1\org.jetbrains.kotlinx\kotlinx-coroutines-core-jvm\1.9.0\9beade4c1c1569e4f36cbd2c37e02e3e41502601\kotlinx-coroutines-core-jvm-1.9.0.jar
[Architectury Transformer DEBUG]  - C:\Users\jeffr\.gradle\caches\modules-2\files-2.1\org.jetbrains.kotlinx\kotlinx-serialization-json-jvm\1.7.3\6701e8c68d9e82387ce72ee96e8ddf058208d58f\kotlinx-serialization-json-jvm-1.7.3.jar
[Architectury Transformer DEBUG]  - C:\Users\jeffr\.gradle\caches\modules-2\files-2.1\org.jetbrains.kotlinx\kotlinx-serialization-cbor-jvm\1.7.3\3d8ffef8d3ebba6c627096312afda71463508852\kotlinx-serialization-cbor-jvm-1.7.3.jar
[Architectury Transformer DEBUG]  - C:\Users\jeffr\.gradle\caches\modules-2\files-2.1\org.jetbrains.kotlinx\kotlinx-serialization-core-jvm\1.7.3\1f226780b845ff9206474c05159245d861556249\kotlinx-serialization-core-jvm-1.7.3.jar
[Architectury Transformer DEBUG]  - C:\Users\jeffr\.gradle\caches\modules-2\files-2.1\org.jetbrains.kotlinx\kotlinx-datetime-jvm\0.6.1\23d9f71268d3ffc31ce5a5d25622f20bffb3d639\kotlinx-datetime-jvm-0.6.1.jar
[Architectury Transformer DEBUG]  - C:\Users\jeffr\.gradle\caches\modules-2\files-2.1\org.jetbrains.kotlinx\kotlinx-io-core-jvm\0.5.4\16566a36d64d88af421fbee163eeeb6aa6406a43\kotlinx-io-core-jvm-0.5.4.jar
[Architectury Transformer DEBUG]  - C:\Users\jeffr\.gradle\caches\modules-2\files-2.1\org.jetbrains.kotlinx\kotlinx-io-bytestring-jvm\0.5.4\d02e90094c25c6c4689a9f4359c3dc3543f66958\kotlinx-io-bytestring-jvm-0.5.4.jar
[Architectury Transformer DEBUG]  - C:\Users\jeffr\.gradle\caches\modules-2\files-2.1\org.jetbrains.kotlinx\atomicfu-jvm\0.25.0\c8686b7f79a65516610b1ce4965bb450084075f2\atomicfu-jvm-0.25.0.jar
[Architectury Transformer DEBUG]  - C:\Users\jeffr\CobblemonAddon\EclipseTest\cobblemon-mdks\fabric-kotlin\.gradle\loom-cache\remapped_mods\loom_mappings_1_21_1_layered_hash_40359_v2\net\fabricmc\fabric-api\fabric-command-api-v2\2.2.28+6ced4dd919\fabric-command-api-v2-2.2.28+6ced4dd919.jar
[Architectury Transformer DEBUG]  - C:\Users\jeffr\CobblemonAddon\EclipseTest\cobblemon-mdks\fabric-kotlin\.gradle\loom-cache\remapped_mods\loom_mappings_1_21_1_layered_hash_40359_v2\net\fabricmc\fabric-language-kotlin\1.12.3+kotlin.2.0.21\fabric-language-kotlin-1.12.3+kotlin.2.0.21.jar
[Architectury Transformer DEBUG]  - C:\Users\jeffr\CobblemonAddon\EclipseTest\cobblemon-mdks\fabric-kotlin\.gradle\loom-cache\remapped_mods\loom_mappings_1_21_1_layered_hash_40359_v2\com\cobblemon\fabric\1.6.0+1.21.1-SNAPSHOT\fabric-1.6.0+1.21.1-SNAPSHOT.jar
[Architectury Transformer DEBUG]  - C:\Users\jeffr\CobblemonAddon\EclipseTest\cobblemon-mdks\fabric-kotlin\.gradle\loom-cache\remapped_mods\loom_mappings_1_21_1_layered_hash_40359_v2\net\fabricmc\fabric-api\fabric-api-base\0.4.42+6573ed8c19\fabric-api-base-0.4.42+6573ed8c19.jar
[Architectury Transformer DEBUG]  - C:\Users\jeffr\.gradle\caches\modules-2\files-2.1\net.kyori\event-api\5.0.0-SNAPSHOT\49562326c91290eacf661c6da0a2d3be49004238\event-api-5.0.0-SNAPSHOT.jar
[Architectury Transformer DEBUG]  - C:\Users\jeffr\.gradle\caches\modules-2\files-2.1\org.spongepowered\configurate-hocon\4.1.2\3953a4aef8ff62c72d34e405d6df333f3876592a\configurate-hocon-4.1.2.jar
[Architectury Transformer DEBUG]  - C:\Users\jeffr\.gradle\caches\modules-2\files-2.1\org.spongepowered\configurate-yaml\4.1.2\f726180c21ec387be5b8a2e04d916443c4046207\configurate-yaml-4.1.2.jar
[Architectury Transformer DEBUG]  - C:\Users\jeffr\.gradle\caches\modules-2\files-2.1\org.spongepowered\configurate-core\4.1.2\d6728b04738e73847f6a26349cf4368362feab97\configurate-core-4.1.2.jar
[Architectury Transformer DEBUG]  - C:\Users\jeffr\.gradle\caches\modules-2\files-2.1\com.h2database\h2\2.1.214\d5c2005c9e3279201e12d4776c948578b16bf8b2\h2-2.1.214.jar
[Architectury Transformer DEBUG]  - C:\Users\jeffr\.gradle\caches\modules-2\files-2.1\mysql\mysql-connector-java\8.0.28\33678b1729d4f832b9e4bcb2d5bbd67940920a7a\mysql-connector-java-8.0.28.jar
[Architectury Transformer DEBUG]  - C:\Users\jeffr\.gradle\caches\modules-2\files-2.1\org.mongodb\mongo-java-driver\3.12.12\ce82036ab66b0ee0daf5faa5f249fdd72609346b\mongo-java-driver-3.12.12.jar
[Architectury Transformer DEBUG]  - C:\Users\jeffr\.gradle\caches\modules-2\files-2.1\io.leangen.geantyref\geantyref\1.3.14\104fa1c08e44f5d7573f9fc0763d92984596645d\geantyref-1.3.14.jar
[Architectury Transformer DEBUG]  - C:\Users\jeffr\.gradle\caches\modules-2\files-2.1\org.spongepowered\math\2.0.1\3b1cd0941e265c0bed12cfccd4bdee0115b072fc\math-2.0.1.jar
[Architectury Transformer DEBUG]  - C:\Users\jeffr\.gradle\caches\modules-2\files-2.1\net.kyori\examination-string\1.3.0\6f34afef5c54ccce4996bc321abf77518b55b4bd\examination-string-1.3.0.jar
[Architectury Transformer DEBUG]  - C:\Users\jeffr\.gradle\caches\modules-2\files-2.1\net.kyori\examination-api\1.3.0\8a2d185275307f1e2ef2adf7152b9a0d1d44c30b\examination-api-1.3.0.jar
[Architectury Transformer DEBUG]  - C:\Users\jeffr\.gradle\caches\modules-2\files-2.1\com.google.guava\listenablefuture\9999.0-empty-to-avoid-conflict-with-guava\b421526c5f297295adef1c886e5246c39d4ac629\listenablefuture-9999.0-empty-to-avoid-conflict-with-guava.jar
[Architectury Transformer DEBUG]  - C:\Users\jeffr\.gradle\caches\modules-2\files-2.1\com.google.code.findbugs\jsr305\3.0.2\25ea2e8b0c338a877313bd4672d3fe056ea78f0d\jsr305-3.0.2.jar
[Architectury Transformer DEBUG]  - C:\Users\jeffr\.gradle\caches\modules-2\files-2.1\com.github.ben-manes.caffeine\caffeine\2.9.3\b162491f768824d21487551873f9b3b374a7fe19\caffeine-2.9.3.jar
[Architectury Transformer DEBUG]  - C:\Users\jeffr\.gradle\caches\modules-2\files-2.1\org.checkerframework\checker-qual\3.33.0\de2b60b62da487644fc11f734e73c8b0b431238f\checker-qual-3.33.0.jar
[Architectury Transformer DEBUG]  - C:\Users\jeffr\.gradle\caches\modules-2\files-2.1\com.google.errorprone\error_prone_annotations\2.18.0\89b684257096f548fa39a7df9fdaa409d4d4df91\error_prone_annotations-2.18.0.jar
[Architectury Transformer DEBUG]  - C:\Users\jeffr\.gradle\caches\modules-2\files-2.1\com.google.j2objc\j2objc-annotations\2.8\c85270e307e7b822f1086b93689124b89768e273\j2objc-annotations-2.8.jar
[Architectury Transformer DEBUG]  - C:\Users\jeffr\.gradle\caches\modules-2\files-2.1\jakarta.inject\jakarta.inject-api\2.0.1\4c28afe1991a941d7702fe1362c365f0a8641d1e\jakarta.inject-api-2.0.1.jar
[Architectury Transformer DEBUG]  - C:\Users\jeffr\.gradle\caches\modules-2\files-2.1\aopalliance\aopalliance\1.0\235ba8b489512805ac13a8f9ea77a1ca5ebe3e8\aopalliance-1.0.jar
[Architectury Transformer DEBUG]  - C:\Users\jeffr\.gradle\caches\modules-2\files-2.1\com.typesafe\config\1.4.1\19058a07624a87f90d129af7cd9c68bee94535a9\config-1.4.1.jar
[Architectury Transformer DEBUG]  - C:\Users\jeffr\.gradle\caches\modules-2\files-2.1\org.yaml\snakeyaml\1.28\7cae037c3014350c923776548e71c9feb7a69259\snakeyaml-1.28.jar
[Architectury Transformer DEBUG]  - C:\Users\jeffr\.gradle\caches\modules-2\files-2.1\com.google.protobuf\protobuf-java\3.11.4\7ec0925cc3aef0335bbc7d57edfd42b0f86f8267\protobuf-java-3.11.4.jar
[Architectury Transformer DEBUG]  - C:\Users\jeffr\.gradle\caches\modules-2\files-2.1\org.codehaus.plexus\plexus-utils\3.4.2\82445e007f9009ac5ba6ae5d6b6898c4ce54dcf6\plexus-utils-3.4.2.jar
[Architectury Transformer DEBUG]  - C:\Users\jeffr\.gradle\caches\modules-2\files-2.1\net.kyori\option\1.0.0\59c5ae54c47ae294322ad979eaf7cdcde7ad0646\option-1.0.0.jar
[Architectury Transformer] Read classpath in 2.921 s
[Architectury Transformer DEBUG] Classpath entry [C:\Users\jeffr\CobblemonAddon\CobbleAddon\build\resources\main] contains packages: 
